<?xml version="1.0" encoding="UTF-8"?>
<robot generator="Robot 7.3.2 (Python 3.13.5 on darwin)" generated="2026-06-03T15:50:45.032620" rpa="false" schemaversion="5">
<suite id="s1" name="Test case" source="/Users/vinu/Documents/WorkSpace/robot-framework/robot-framework-automation/Test_Suite/Test_case.robot">
<test id="s1-t1" name="Verify User Login" line="6">
<kw name="Login_page1" owner="Login_udk">
<kw name="Open Browser" owner="SeleniumLibrary">
<msg time="2026-06-03T15:50:45.178868" level="INFO">Opening browser 'Chrome' to base url 'https://rahulshettyacademy.com/loginpagePractise/'.</msg>
<arg>${URL}</arg>
<arg>browser=Chrome</arg>
<arg>options=add_argument("--ignore-certificate-errors");add_experimental_option("detach", True)</arg>
<doc>Opens a new browser instance to the optional ``url``.</doc>
<status status="PASS" start="2026-06-03T15:50:45.178707" elapsed="8.613100"/>
</kw>
<kw name="Input Text" owner="SeleniumLibrary">
<msg time="2026-06-03T15:50:53.798692" level="INFO">Typing text 'rahulshettyacademy' into text field '//input[@id='username']'.</msg>
<arg>${username}</arg>
<arg>${users}</arg>
<doc>Types the given ``text`` into the text field identified by ``locator``.</doc>
<status status="PASS" start="2026-06-03T15:50:53.796261" elapsed="0.128581"/>
</kw>
<kw name="Input Text" owner="SeleniumLibrary">
<msg time="2026-06-03T15:50:53.925132" level="INFO">Typing text 'Learning@830$3mK2' into text field '//input[@id='password']'.</msg>
<arg>${password}</arg>
<arg>${pwd}</arg>
<doc>Types the given ``text`` into the text field identified by ``locator``.</doc>
<status status="PASS" start="2026-06-03T15:50:53.924971" elapsed="0.047804"/>
</kw>
<kw name="Click Element" owner="SeleniumLibrary">
<msg time="2026-06-03T15:50:53.973113" level="INFO">Clicking element 'xpath=//select[@class='form-control']'.</msg>
<arg>${dropdown}</arg>
<doc>Click the element identified by ``locator``.</doc>
<status status="PASS" start="2026-06-03T15:50:53.972944" elapsed="0.081259"/>
</kw>
<kw name="Click Element" owner="SeleniumLibrary">
<msg time="2026-06-03T15:50:54.054663" level="INFO">Clicking element '//input[@type="checkbox"]'.</msg>
<arg>${Terms and conditions}</arg>
<doc>Click the element identified by ``locator``.</doc>
<status status="PASS" start="2026-06-03T15:50:54.054424" elapsed="0.055240"/>
</kw>
<kw name="Click Button" owner="SeleniumLibrary">
<msg time="2026-06-03T15:50:54.109936" level="INFO">Clicking button '//input[@name="signin"]'.</msg>
<arg>${SignIn}</arg>
<doc>Clicks the button identified by ``locator``.</doc>
<status status="PASS" start="2026-06-03T15:50:54.109789" elapsed="0.043298"/>
</kw>
<doc>This keyword will perform login action on the application</doc>
<status status="PASS" start="2026-06-03T15:50:45.178232" elapsed="8.974979"/>
</kw>
<doc>This test case will verify the login functionality of the application</doc>
<status status="PASS" start="2026-06-03T15:50:45.177860" elapsed="8.975960"/>
</test>
<doc>Login Test Case</doc>
<status status="PASS" start="2026-06-03T15:50:45.033291" elapsed="9.121069"/>
</suite>
<statistics>
<total>
<stat pass="1" fail="0" skip="0">All Tests</stat>
</total>
<tag>
</tag>
<suite>
<stat name="Test case" id="s1" pass="1" fail="0" skip="0">Test case</stat>
</suite>
</statistics>
<errors>
</errors>
</robot>
